<?xml version="1.0" encoding="UTF-8"?>
<!-- Generated by org.testng.reporters.JUnitReportReporter -->
<testsuite skipped="0" hostname="Anup-PC" name="com.PMR.testcases.AddPatientTest" tests="1" failures="0" timestamp="10 May 2019 13:03:15 GMT" time="22.392" errors="0">
  <testcase name="login" time="22.392" classname="com.PMR.testcases.AddPatientTest"/>
</testsuite> <!-- com.PMR.testcases.AddPatientTest -->
