<?xml version="1.0" encoding="UTF-8"?>
<!-- Generated by org.testng.reporters.JUnitReportReporter -->
<testsuite skipped="0" hostname="Anup-PC" name="com.PMR.testcases.AllergyTest" tests="1" failures="0" timestamp="13 May 2019 07:32:55 GMT" time="29.051" errors="0">
  <testcase name="addAllergy" time="29.051" classname="com.PMR.testcases.AllergyTest"/>
</testsuite> <!-- com.PMR.testcases.AllergyTest -->
