<?xml version="1.0" encoding="UTF-8"?>
<!-- Generated by org.testng.reporters.JUnitReportReporter -->
<testsuite skipped="0" hostname="Anup-PC" name="com.PMR.testcases.HealthRecordsTest" tests="3" failures="0" timestamp="09 May 2019 11:21:08 GMT" time="29.873" errors="0">
  <testcase name="addingHealthRecords" time="7.357" classname="com.PMR.testcases.HealthRecordsTest"/>
  <testcase name="updateHealthRecords" time="8.713" classname="com.PMR.testcases.HealthRecordsTest"/>
  <testcase name="deleteHealthRecords" time="13.803" classname="com.PMR.testcases.HealthRecordsTest"/>
</testsuite> <!-- com.PMR.testcases.HealthRecordsTest -->
