<?xml version="1.0" encoding="UTF-8"?>
<!-- Generated by org.testng.reporters.JUnitReportReporter -->
<testsuite skipped="0" hostname="Anup-PC" name="com.PMR.testcases.AddPrescriberTest" tests="1" failures="0" timestamp="13 May 2019 06:06:57 GMT" time="0.273" errors="0">
  <testcase name="AddPrescriber" time="0.273" classname="com.PMR.testcases.AddPrescriberTest"/>
</testsuite> <!-- com.PMR.testcases.AddPrescriberTest -->
