<?xml version="1.0" encoding="UTF-8"?>
<!-- Generated by org.testng.reporters.JUnitReportReporter -->
<testsuite skipped="0" hostname="Anup-PC" name="com.PMR.testcases.LaunchTest" tests="1" failures="0" timestamp="30 Apr 2019 07:06:10 GMT" time="7.755" errors="0">
  <testcase name="launch" time="7.755" classname="com.PMR.testcases.LaunchTest"/>
</testsuite> <!-- com.PMR.testcases.LaunchTest -->
