<?xml version="1.0" encoding="UTF-8"?>
<!-- Generated by org.testng.reporters.JUnitReportReporter -->
<testsuite skipped="1" hostname="Anup-PC" name="com.caring.testcases.LoginPageTest" tests="2" failures="0" timestamp="19 Mar 2019 11:33:39 GMT" time="26.908" errors="0">
  <testcase name="homePageTitleTest" time="26.908" classname="com.caring.testcases.LoginPageTest"/>
  <testcase name="login" classname="com.caring.testcases.LoginPageTest">
    <skipped/>
  </testcase> <!-- login -->
</testsuite> <!-- com.caring.testcases.LoginPageTest -->
