<?xml version="1.0" encoding="UTF-8"?>
<!-- Generated by org.testng.reporters.JUnitReportReporter -->
<testsuite skipped="0" hostname="Anup-PC" name="com.fb.testcases.FBLoginPageTest" tests="1" failures="0" timestamp="15 Mar 2019 12:04:19 GMT" time="15.975" errors="0">
  <testcase name="login" time="15.975" classname="com.fb.testcases.FBLoginPageTest"/>
</testsuite> <!-- com.fb.testcases.FBLoginPageTest -->
