<?xml version="1.0" encoding="UTF-8"?>
<!-- Generated by org.testng.reporters.JUnitReportReporter -->
<testsuite skipped="0" hostname="Anup-PC" name="com.PMR.testcases.AddPatientTest" tests="1" failures="0" timestamp="08 May 2019 07:41:21 GMT" time="26.019" errors="0">
  <testcase name="login" time="26.019" classname="com.PMR.testcases.AddPatientTest"/>
</testsuite> <!-- com.PMR.testcases.AddPatientTest -->
