<?xml version="1.0" encoding="UTF-8"?>
<!-- Generated by org.testng.reporters.JUnitReportReporter -->
<testsuite skipped="0" hostname="Anup-PC" name="com.PMR.testcases.LoginTest" tests="1" failures="0" timestamp="09 May 2019 12:19:14 GMT" time="6.023" errors="0">
  <testcase name="login" time="6.023" classname="com.PMR.testcases.LoginTest"/>
</testsuite> <!-- com.PMR.testcases.LoginTest -->
