<?xml version="1.0" encoding="UTF-8"?>
<!-- Generated by org.testng.reporters.JUnitReportReporter -->
<testsuite skipped="0" hostname="Anup-PC" name="com.fb.testcases.AllergyTest" tests="1" failures="0" timestamp="29 Apr 2019 11:26:48 GMT" time="22.799" errors="0">
  <testcase name="addAllergy" time="22.799" classname="com.fb.testcases.AllergyTest"/>
</testsuite> <!-- com.fb.testcases.AllergyTest -->
