<?xml version="1.0" encoding="UTF-8"?>
<!-- Generated by org.testng.reporters.JUnitReportReporter -->
<testsuite skipped="0" hostname="Anup-PC" name="com.fb.testcases.LoginPageTest" tests="3" failures="0" timestamp="18 Mar 2019 11:22:55 GMT" time="41.831" errors="0">
  <testcase name="loginpagetitletest" time="8.021" classname="com.fb.testcases.LoginPageTest"/>
  <testcase name="login" time="17.569" classname="com.fb.testcases.LoginPageTest"/>
  <testcase name="loginPageTitleTest" time="16.241" classname="com.fb.testcases.LoginPageTest"/>
</testsuite> <!-- com.fb.testcases.LoginPageTest -->
