<?xml version="1.0" encoding="UTF-8"?>
<!-- Generated by org.testng.reporters.JUnitReportReporter -->
<testsuite skipped="0" hostname="Anup-PC" name="com.PMR.testcases.MedicalConditionTest" tests="1" failures="0" timestamp="13 May 2019 07:35:09 GMT" time="28.957" errors="0">
  <testcase name="add" time="28.957" classname="com.PMR.testcases.MedicalConditionTest"/>
</testsuite> <!-- com.PMR.testcases.MedicalConditionTest -->
