<?xml version="1.0" encoding="UTF-8"?>
<!-- Generated by org.testng.reporters.JUnitReportReporter -->
<testsuite skipped="0" hostname="Anup-PC" name="com.PMR.testcases.HealthRecordsTest" tests="3" failures="0" timestamp="13 May 2019 07:29:01 GMT" time="29.999" errors="0">
  <testcase name="addingHealthRecords" time="7.601" classname="com.PMR.testcases.HealthRecordsTest"/>
  <testcase name="updateHealthRecords" time="8.639" classname="com.PMR.testcases.HealthRecordsTest"/>
  <testcase name="deleteHealthRecords" time="13.759" classname="com.PMR.testcases.HealthRecordsTest"/>
</testsuite> <!-- com.PMR.testcases.HealthRecordsTest -->
