<?xml version="1.0" encoding="UTF-8"?>
<!-- Generated by org.testng.reporters.JUnitReportReporter -->
<testsuite skipped="0" hostname="Anup-PC" name="com.PMR.testcases.RemindersTest" tests="1" failures="0" timestamp="13 May 2019 10:25:54 GMT" time="0.269" errors="0">
  <testcase name="SearchPatient" time="0.269" classname="com.PMR.testcases.RemindersTest"/>
</testsuite> <!-- com.PMR.testcases.RemindersTest -->
