<?xml version="1.0" encoding="UTF-8"?>
<!-- Generated by org.testng.reporters.JUnitReportReporter -->
<testsuite skipped="0" hostname="Anup-PC" name="com.PMR.testcases.NotesTest" tests="1" failures="0" timestamp="13 May 2019 07:44:01 GMT" time="29.888" errors="0">
  <testcase name="add" time="29.888" classname="com.PMR.testcases.NotesTest"/>
</testsuite> <!-- com.PMR.testcases.NotesTest -->
