<?xml version="1.0" encoding="UTF-8"?>
<!-- Generated by org.testng.reporters.JUnitReportReporter -->
<testsuite skipped="0" hostname="Anup-PC" name="com.PMR.testcases.AllergyTest" tests="1" failures="0" timestamp="30 Apr 2019 07:06:10 GMT" time="22.639" errors="0">
  <testcase name="addAllergy" time="22.639" classname="com.PMR.testcases.AllergyTest"/>
</testsuite> <!-- com.PMR.testcases.AllergyTest -->
